<?xml version="1.0" encoding="UTF-8"?>
<!-- Generated by org.testng.reporters.JUnitXMLReporter -->
<testsuite ignored="0" hostname="DESKTOP-MMN2VVG" failures="1" tests="3" name="Test" time="45.844" errors="0" timestamp="2022-09-19T21:20:30 IST">
  <testcase classname="com.homeBazarTestCases.TC_01_ImageComparison" name="verifyLogo" time="1.139"/>
  <testcase classname="com.homeBazarTestCases.TC_02_verifyDropdown" name="verifyDropdownLengthFailed" time="0.223">
    <failure type="java.lang.AssertionError" message="expected [false] but found [true]">
      <![CDATA[java.lang.AssertionError: expected [false] but found [true]
at com.homeBazarTestCases.TC_02_verifyDropdown.verifyDropdownLengthFailed(TC_02_verifyDropdown.java:29)
at java.base/java.util.ArrayList.forEach(ArrayList.java:1511)
... Removed 33 stack frames]]>
    </failure>
  </testcase> <!-- verifyDropdownLengthFailed -->
  <testcase classname="com.homeBazarTestCases.TC_02_verifyDropdown" name="testDropdownOptions" time="1.0"/>
</testsuite> <!-- Test -->
