<?xml version="1.0" encoding="UTF-8"?>
<testng-results ignored="0" total="3" passed="2" failed="1" skipped="0">
  <reporter-output>
  </reporter-output>
  <suite started-at="2022-09-19T21:19:44 IST" name="Suite" finished-at="2022-09-19T21:20:30 IST" duration-ms="45844">
    <groups>
    </groups>
    <test started-at="2022-09-19T21:19:44 IST" name="Test" finished-at="2022-09-19T21:20:30 IST" duration-ms="45844">
      <class name="com.homeBazarTestCases.TC_02_verifyDropdown">
        <test-method is-config="true" signature="setUp()[pri:0, instance:com.homeBazarTestCases.TC_02_verifyDropdown@a1153bc]" started-at="2022-09-19T21:20:10 IST" name="setUp" finished-at="2022-09-19T21:20:27 IST" duration-ms="17237" status="PASS">
          <reporter-output>
          </reporter-output>
        </test-method> <!-- setUp -->
        <test-method signature="verifyDropdownLengthFailed()[pri:0, instance:com.homeBazarTestCases.TC_02_verifyDropdown@a1153bc]" started-at="2022-09-19T21:20:27 IST" name="verifyDropdownLengthFailed" finished-at="2022-09-19T21:20:28 IST" duration-ms="223" status="FAIL">
          <exception class="java.lang.AssertionError">
            <message>
              <![CDATA[expected [false] but found [true]]]>
            </message>
            <full-stacktrace>
              <![CDATA[java.lang.AssertionError: expected [false] but found [true]
at org.testng.Assert.fail(Assert.java:110)
at org.testng.Assert.failNotEquals(Assert.java:1413)
at org.testng.Assert.assertEqualsImpl(Assert.java:149)
at org.testng.Assert.assertEquals(Assert.java:131)
at org.testng.Assert.assertEquals(Assert.java:976)
at org.testng.Assert.assertEquals(Assert.java:1010)
at com.homeBazarTestCases.TC_02_verifyDropdown.verifyDropdownLengthFailed(TC_02_verifyDropdown.java:29)
at java.base/jdk.internal.reflect.NativeMethodAccessorImpl.invoke0(Native Method)
at java.base/jdk.internal.reflect.NativeMethodAccessorImpl.invoke(NativeMethodAccessorImpl.java:77)
at java.base/jdk.internal.reflect.DelegatingMethodAccessorImpl.invoke(DelegatingMethodAccessorImpl.java:43)
at java.base/java.lang.reflect.Method.invoke(Method.java:568)
at org.testng.internal.invokers.MethodInvocationHelper.invokeMethod(MethodInvocationHelper.java:139)
at org.testng.internal.invokers.TestInvoker.invokeMethod(TestInvoker.java:677)
at org.testng.internal.invokers.TestInvoker.invokeTestMethod(TestInvoker.java:221)
at org.testng.internal.invokers.MethodRunner.runInSequence(MethodRunner.java:50)
at org.testng.internal.invokers.TestInvoker$MethodInvocationAgent.invoke(TestInvoker.java:962)
at org.testng.internal.invokers.TestInvoker.invokeTestMethods(TestInvoker.java:194)
at org.testng.internal.invokers.TestMethodWorker.invokeTestMethods(TestMethodWorker.java:148)
at org.testng.internal.invokers.TestMethodWorker.run(TestMethodWorker.java:128)
at java.base/java.util.ArrayList.forEach(ArrayList.java:1511)
at org.testng.TestRunner.privateRun(TestRunner.java:806)
at org.testng.TestRunner.run(TestRunner.java:601)
at org.testng.SuiteRunner.runTest(SuiteRunner.java:433)
at org.testng.SuiteRunner.runSequentially(SuiteRunner.java:427)
at org.testng.SuiteRunner.privateRun(SuiteRunner.java:387)
at org.testng.SuiteRunner.run(SuiteRunner.java:330)
at org.testng.SuiteRunnerWorker.runSuite(SuiteRunnerWorker.java:52)
at org.testng.SuiteRunnerWorker.run(SuiteRunnerWorker.java:95)
at org.testng.TestNG.runSuitesSequentially(TestNG.java:1256)
at org.testng.TestNG.runSuitesLocally(TestNG.java:1176)
at org.testng.TestNG.runSuites(TestNG.java:1099)
at org.testng.TestNG.run(TestNG.java:1067)
at org.testng.remote.AbstractRemoteTestNG.run(AbstractRemoteTestNG.java:115)
at org.testng.remote.RemoteTestNG.initAndRun(RemoteTestNG.java:251)
at org.testng.remote.RemoteTestNG.main(RemoteTestNG.java:77)
]]>
            </full-stacktrace>
          </exception> <!-- java.lang.AssertionError -->
          <reporter-output>
          </reporter-output>
        </test-method> <!-- verifyDropdownLengthFailed -->
        <test-method signature="testDropdownOptions()[pri:1, instance:com.homeBazarTestCases.TC_02_verifyDropdown@a1153bc]" started-at="2022-09-19T21:20:28 IST" name="testDropdownOptions" finished-at="2022-09-19T21:20:29 IST" duration-ms="1000" status="PASS">
          <reporter-output>
          </reporter-output>
        </test-method> <!-- testDropdownOptions -->
        <test-method is-config="true" signature="tearDown()[pri:0, instance:com.homeBazarTestCases.TC_02_verifyDropdown@a1153bc]" started-at="2022-09-19T21:20:29 IST" name="tearDown" finished-at="2022-09-19T21:20:30 IST" duration-ms="574" status="PASS">
          <reporter-output>
          </reporter-output>
        </test-method> <!-- tearDown -->
      </class> <!-- com.homeBazarTestCases.TC_02_verifyDropdown -->
      <class name="com.homeBazarTestCases.TC_01_ImageComparison">
        <test-method is-config="true" signature="setUp()[pri:0, instance:com.homeBazarTestCases.TC_01_ImageComparison@6f1de4c7]" started-at="2022-09-19T21:19:44 IST" name="setUp" finished-at="2022-09-19T21:20:08 IST" duration-ms="24720" status="PASS">
          <reporter-output>
          </reporter-output>
        </test-method> <!-- setUp -->
        <test-method signature="verifyLogo()[pri:0, instance:com.homeBazarTestCases.TC_01_ImageComparison@6f1de4c7]" started-at="2022-09-19T21:20:08 IST" name="verifyLogo" finished-at="2022-09-19T21:20:10 IST" duration-ms="1139" status="PASS">
          <reporter-output>
          </reporter-output>
        </test-method> <!-- verifyLogo -->
        <test-method is-config="true" signature="tearDown()[pri:0, instance:com.homeBazarTestCases.TC_01_ImageComparison@6f1de4c7]" started-at="2022-09-19T21:20:10 IST" name="tearDown" finished-at="2022-09-19T21:20:10 IST" duration-ms="464" status="PASS">
          <reporter-output>
          </reporter-output>
        </test-method> <!-- tearDown -->
      </class> <!-- com.homeBazarTestCases.TC_01_ImageComparison -->
    </test> <!-- Test -->
  </suite> <!-- Suite -->
</testng-results>
